Ошибка: DrunkError ('Drunk - Карма не растет',)
Ошибка: CarCrashError ('CarCrash - Карма не растет',)
Ошибка: GluttonyError ('Gluttony - Карма не растет',)
Ошибка: IamGodError ('IamGod - Карма не растет',)
Ошибка: DrunkError ('Drunk - Карма не растет',)
Ошибка: CarCrashError ('CarCrash - Карма не растет',)
Ошибка: SuicideError ('Suicide - Карма не растет',)
Ошибка: IamGodError ('IamGod - Карма не растет',)
Ошибка: SuicideError ('Suicide - Карма не растет',)
Ошибка: IamGodError ('IamGod - Карма не растет',)
Ошибка: CarCrashError ('CarCrash - Карма не растет',)
Ошибка: SuicideError ('Suicide - Карма не растет',)
Ошибка: IamGodError ('IamGod - Карма не растет',)
Ошибка: CarCrashError ('CarCrash - Карма не растет',)
Ошибка: DrunkError ('Drunk - Карма не растет',)
Ошибка: SuicideError ('Suicide - Карма не растет',)
Ошибка: DepressionError ('Depression - Карма не растет',)
Ошибка: SuicideError ('Suicide - Карма не растет',)
Ошибка: DepressionError ('Depression - Карма не растет',)
Ошибка: DrunkError ('Drunk - Карма не растет',)
Ошибка: DrunkError ('Drunk - Карма не растет',)
Ошибка: IamGodError ('IamGod - Карма не растет',)
